2014-11-12 19:49:18 ERROR HelloLog4j_wPropConfig:18 - Sorry, something wrong!
java.lang.ArithmeticException: / by zero
	at logging.trial.HelloLog4j_wPropConfig.divide(HelloLog4j_wPropConfig.java:28)
	at logging.trial.HelloLog4j_wPropConfig.main(HelloLog4j_wPropConfig.java:16)
2014-11-12 19:49:18 DEBUG HelloLog4j_wPropConfig:35 - This is debug : just for testing ...
2014-11-12 19:49:18 INFO  HelloLog4j_wPropConfig:39 - This is info : just for testing ...
2014-11-12 19:49:18 WARN  HelloLog4j_wPropConfig:42 - This is warn : just for testing ...
2014-11-12 19:49:18 ERROR HelloLog4j_wPropConfig:43 - This is error : just for testing ...
2014-11-12 19:49:18 FATAL HelloLog4j_wPropConfig:44 - This is fatal : just for testing ...
2014-11-12 19:49:46 ERROR HelloLog4j_wPropConfig:18 - Sorry, something wrong!
java.lang.ArithmeticException: / by zero
	at logging.trial.HelloLog4j_wPropConfig.divide(HelloLog4j_wPropConfig.java:28)
	at logging.trial.HelloLog4j_wPropConfig.main(HelloLog4j_wPropConfig.java:16)
2014-11-12 19:49:46 DEBUG HelloLog4j_wPropConfig:35 - This is debug : just for testing ...
2014-11-12 19:49:46 INFO  HelloLog4j_wPropConfig:39 - This is info : just for testing ...
2014-11-12 19:49:46 WARN  HelloLog4j_wPropConfig:42 - This is warn : just for testing ...
2014-11-12 19:49:46 ERROR HelloLog4j_wPropConfig:43 - This is error : just for testing ...
2014-11-12 19:49:46 FATAL HelloLog4j_wPropConfig:44 - This is fatal : just for testing ...
2014-11-12 19:49:47 ERROR HelloLog4j_wPropConfig:18 - Sorry, something wrong!
java.lang.ArithmeticException: / by zero
	at logging.trial.HelloLog4j_wPropConfig.divide(HelloLog4j_wPropConfig.java:28)
	at logging.trial.HelloLog4j_wPropConfig.main(HelloLog4j_wPropConfig.java:16)
2014-11-12 19:49:47 DEBUG HelloLog4j_wPropConfig:35 - This is debug : just for testing ...
2014-11-12 19:49:47 INFO  HelloLog4j_wPropConfig:39 - This is info : just for testing ...
2014-11-12 19:49:47 WARN  HelloLog4j_wPropConfig:42 - This is warn : just for testing ...
2014-11-12 19:49:47 ERROR HelloLog4j_wPropConfig:43 - This is error : just for testing ...
2014-11-12 19:49:47 FATAL HelloLog4j_wPropConfig:44 - This is fatal : just for testing ...
2014-11-12 19:49:48 ERROR HelloLog4j_wPropConfig:18 - Sorry, something wrong!
java.lang.ArithmeticException: / by zero
	at logging.trial.HelloLog4j_wPropConfig.divide(HelloLog4j_wPropConfig.java:28)
	at logging.trial.HelloLog4j_wPropConfig.main(HelloLog4j_wPropConfig.java:16)
2014-11-12 19:49:48 DEBUG HelloLog4j_wPropConfig:35 - This is debug : just for testing ...
2014-11-12 19:49:48 INFO  HelloLog4j_wPropConfig:39 - This is info : just for testing ...
2014-11-12 19:49:48 WARN  HelloLog4j_wPropConfig:42 - This is warn : just for testing ...
2014-11-12 19:49:48 ERROR HelloLog4j_wPropConfig:43 - This is error : just for testing ...
2014-11-12 19:49:48 FATAL HelloLog4j_wPropConfig:44 - This is fatal : just for testing ...
